nohup: ignoring input
========================================
   五子棋在线服务器
   基于你的 C++ 核心逻辑
========================================

服务器启动中...
监听地址: http://0.0.0.0:8888
按 Ctrl+C 停止服务器

[新游戏] gameId=game_1
[新游戏] gameId=game_2
[新游戏] gameId=game_3
[玩家落子] gameId=game_3, pos=(6,6)
[AI落子] pos=(5,7)
[玩家落子] gameId=game_3, pos=(5,6)
[AI落子] pos=(4,6)
[玩家落子] gameId=game_3, pos=(5,5)
[AI落子] pos=(3,5)
[玩家落子] gameId=game_3, pos=(4,4)
[AI落子] pos=(2,4)
[玩家落子] gameId=game_3, pos=(6,8)
[AI落子] pos=(1,3)
[游戏结束] 白棋（AI）获胜
[新游戏] gameId=game_4
[新游戏] gameId=game_5
[新游戏] gameId=game_6
